Started by user unknown or anonymous
Building in workspace C:\AutomationFramework\JavaSeleniumFramework
[JavaSeleniumFramework] $ sh -xe C:\Users\TESTAC~1\AppData\Local\Temp\jenkins4702786158640355332.sh
The system cannot find the file specified
FATAL: command execution failed
java.io.IOException: CreateProcess error=2, The system cannot find the file specified
	at java.lang.ProcessImpl.create(Native Method)
	at java.lang.ProcessImpl.<init>(Unknown Source)
	at java.lang.ProcessImpl.start(Unknown Source)
Caused: java.io.IOException: Cannot run program "sh" (in directory "C:\AutomationFramework\JavaSeleniumFramework"): CreateProcess error=2, The system cannot find the file specified
	at java.lang.ProcessBuilder.start(Unknown Source)
	at hudson.Proc$LocalProc.<init>(Proc.java:249)
	at hudson.Proc$LocalProc.<init>(Proc.java:218)
	at hudson.Launcher$LocalLauncher.launch(Launcher.java:929)
	at hudson.Launcher$ProcStarter.start(Launcher.java:449)
	at hudson.tasks.CommandInterpreter.perform(CommandInterpreter.java:109)
	at hudson.tasks.CommandInterpreter.perform(CommandInterpreter.java:66)
	at hudson.tasks.BuildStepMonitor$1.perform(BuildStepMonitor.java:20)
	at hudson.model.AbstractBuild$AbstractBuildExecution.perform(AbstractBuild.java:744)
	at hudson.model.Build$BuildExecution.build(Build.java:206)
	at hudson.model.Build$BuildExecution.doRun(Build.java:163)
	at hudson.model.AbstractBuild$AbstractBuildExecution.run(AbstractBuild.java:504)
	at hudson.model.Run.execute(Run.java:1794)
	at hudson.model.FreeStyleBuild.run(FreeStyleBuild.java:43)
	at hudson.model.ResourceController.execute(ResourceController.java:97)
	at hudson.model.Executor.run(Executor.java:429)
Build step 'Execute shell' marked build as failure
Recording test results
ERROR: Step ‘Publish JUnit test result report’ failed: Test reports were found but none of them are new. Did leafNodes run? 
For example, C:\AutomationFramework\JavaSeleniumFramework\target\surefire-reports\TEST-com.mab.test.hybrid.ScriptGenerator.xml is 4 min 37 sec old

Finished: FAILURE
