Started by upstream project "[8mha:////4H1IBO9I60WTO4rb26bX76yAUsSjUSk469fuEM7BwBduAAAApR+LCAAAAAAAAP9b85aBtbiIQTGjNKU4P08vOT+vOD8nVc83PyU1x6OyILUoJzMv2y+/JJUBAhiZGBgqihhk0NSjKDWzXb3RdlLBUSYGJk8GtpzUvPSSDB8G5tKinBIGIZ+sxLJE/ZzEvHT94JKizLx0a6BxUmjGOUNodHsLgAzhEgZJ/az8JP2Q/KTKeGfneNfcgpJKp8Ti7NQSfQCc8rBYzgAAAA==[0mToby_CC_EmptyBasket" build number [8mha:////4B76FL3qYUgW0Pm3W7dsm1/wzXaN9jD96edwoh3fWqpBAAAApR+LCAAAAAAAAP9b85aBtbiIQTGjNKU4P08vOT+vOD8nVc83PyU1x6OyILUoJzMv2y+/JJUBAhiZGBgqihhk0NSjKDWzXb3RdlLBUSYGJk8GtpzUvPSSDB8G5tKinBIGIZ+sxLJE/ZzEvHT94JKizLx0a6BxUmjGOUNodHsLQIwSBin9rPwk/ZD8pMp4Z+d419yCkkqnxOLs1BJ9QwD7V4TBzwAAAA==[0m1
originally caused by:
 Started by upstream project "[8mha:////4Ar3BpdbtN1kd2utNpmnd3durBQDgYFmFd1pOAYSCkUcAAAArB+LCAAAAAAAAP9b85aBtbiIQTGjNKU4P08vOT+vOD8nVc83PyU1x6OyILUoJzMv2y+/JJUBAhiZGBgqihhk0NSjKDWzXb3RdlLBUSYGJk8GtpzUvPSSDB8G5tKinBIGIZ+sxLJE/ZzEvHT94JKizLx0a6BxUmjGOUNodHsLgAypEgYF/az8JP2Q/KTKeGfneJfUksTMnGLHvBTnjNTk7PzSEn0ASfS2I9UAAAA=[0mToby_CC_DetailsAndCheckout" build number [8mha:////4Llpf65UO3ffuYcbPsf2z+fBUgGqhwBL0t9FGzyg2LvhAAAArB+LCAAAAAAAAP9b85aBtbiIQTGjNKU4P08vOT+vOD8nVc83PyU1x6OyILUoJzMv2y+/JJUBAhiZGBgqihhk0NSjKDWzXb3RdlLBUSYGJk8GtpzUvPSSDB8G5tKinBIGIZ+sxLJE/ZzEvHT94JKizLx0a6BxUmjGOUNodHsLQIwSBkX9rPwk/ZD8pMp4Z+d4l9SSxMycYse8FOeM1OTs/NISfUMA4j+GTNYAAAA=[0m1
 originally caused by:
  Started by user unknown or anonymous
Building in workspace C:\AutomationFramework\JavaSeleniumFramework
[JavaSeleniumFramework] $ cmd /c call C:\Users\TESTAC~1\AppData\Local\Temp\jenkins7072562158817557645.bat

C:\AutomationFramework\JavaSeleniumFramework>C:\AutomationFramework\JavaSeleniumFramework\src\test\resources\testdesign\Minimize.bat

C:\AutomationFramework\JavaSeleniumFramework>START taskkill /f /im Excel.exe 

C:\AutomationFramework\JavaSeleniumFramework>START taskkill /f /im chromedriver.exe 

C:\AutomationFramework\JavaSeleniumFramework>start "" "C:\AutomationFramework\JavaSeleniumFramework\src\test\resources\testdesign\Minimize.vbs" 
[JavaSeleniumFramework] $ cmd.exe /C "C:\Maven\apache-maven-3.5.2\bin\mvn.cmd clean test -Dtest=ScriptGenerator -Dscenario=Toby_CC_ExceedOrderLimit && exit %%ERRORLEVEL%%"
[INFO] Scanning for projects...
[INFO] 
[INFO] ------------------------------------------------------------------------
[INFO] Building onlineAutomation 1.0-SNAPSHOT
[INFO] ------------------------------------------------------------------------
[8mha:////4FgVpCH/S5kjhM4aKaNEG8D32LVTzuWrGPC5JYx/R2KUAAAAYx+LCAAAAAAAAP9b85aBtbiIQSWjNKU4P0+vJLE4u1gvPjexLDVPzxdEhicW5WXmpfvll6S2fNly5fzGzauYGBgqihikoFqS8/OK83NS9ZwhNEghAwQwghQWAACwxA+XYgAAAA==[0m[WARNING] The POM for org.eclipse.jetty.websocket:websocket-client:jar:9.4.5.v20170502 is invalid, transitive dependencies (if any) will not be available, enable debug logging for more details
[8mha:////4FgVpCH/S5kjhM4aKaNEG8D32LVTzuWrGPC5JYx/R2KUAAAAYx+LCAAAAAAAAP9b85aBtbiIQSWjNKU4P0+vJLE4u1gvPjexLDVPzxdEhicW5WXmpfvll6S2fNly5fzGzauYGBgqihikoFqS8/OK83NS9ZwhNEghAwQwghQWAACwxA+XYgAAAA==[0m[WARNING] The POM for org.eclipse.jetty:jetty-client:jar:9.4.5.v20170502 is invalid, transitive dependencies (if any) will not be available, enable debug logging for more details
[8mha:////4FgVpCH/S5kjhM4aKaNEG8D32LVTzuWrGPC5JYx/R2KUAAAAYx+LCAAAAAAAAP9b85aBtbiIQSWjNKU4P0+vJLE4u1gvPjexLDVPzxdEhicW5WXmpfvll6S2fNly5fzGzauYGBgqihikoFqS8/OK83NS9ZwhNEghAwQwghQWAACwxA+XYgAAAA==[0m[WARNING] The POM for org.eclipse.jetty:jetty-http:jar:9.4.5.v20170502 is invalid, transitive dependencies (if any) will not be available, enable debug logging for more details
[8mha:////4FgVpCH/S5kjhM4aKaNEG8D32LVTzuWrGPC5JYx/R2KUAAAAYx+LCAAAAAAAAP9b85aBtbiIQSWjNKU4P0+vJLE4u1gvPjexLDVPzxdEhicW5WXmpfvll6S2fNly5fzGzauYGBgqihikoFqS8/OK83NS9ZwhNEghAwQwghQWAACwxA+XYgAAAA==[0m[WARNING] The POM for org.eclipse.jetty:jetty-io:jar:9.4.5.v20170502 is invalid, transitive dependencies (if any) will not be available, enable debug logging for more details
[8mha:////4FgVpCH/S5kjhM4aKaNEG8D32LVTzuWrGPC5JYx/R2KUAAAAYx+LCAAAAAAAAP9b85aBtbiIQSWjNKU4P0+vJLE4u1gvPjexLDVPzxdEhicW5WXmpfvll6S2fNly5fzGzauYGBgqihikoFqS8/OK83NS9ZwhNEghAwQwghQWAACwxA+XYgAAAA==[0m[WARNING] The POM for org.eclipse.jetty:jetty-util:jar:9.4.5.v20170502 is invalid, transitive dependencies (if any) will not be available, enable debug logging for more details
[8mha:////4FgVpCH/S5kjhM4aKaNEG8D32LVTzuWrGPC5JYx/R2KUAAAAYx+LCAAAAAAAAP9b85aBtbiIQSWjNKU4P0+vJLE4u1gvPjexLDVPzxdEhicW5WXmpfvll6S2fNly5fzGzauYGBgqihikoFqS8/OK83NS9ZwhNEghAwQwghQWAACwxA+XYgAAAA==[0m[WARNING] The POM for org.eclipse.jetty.websocket:websocket-api:jar:9.4.5.v20170502 is invalid, transitive dependencies (if any) will not be available, enable debug logging for more details
[8mha:////4FgVpCH/S5kjhM4aKaNEG8D32LVTzuWrGPC5JYx/R2KUAAAAYx+LCAAAAAAAAP9b85aBtbiIQSWjNKU4P0+vJLE4u1gvPjexLDVPzxdEhicW5WXmpfvll6S2fNly5fzGzauYGBgqihikoFqS8/OK83NS9ZwhNEghAwQwghQWAACwxA+XYgAAAA==[0m[WARNING] The POM for org.eclipse.jetty.websocket:websocket-common:jar:9.4.5.v20170502 is invalid, transitive dependencies (if any) will not be available, enable debug logging for more details
[8mha:////4FgVpCH/S5kjhM4aKaNEG8D32LVTzuWrGPC5JYx/R2KUAAAAYx+LCAAAAAAAAP9b85aBtbiIQSWjNKU4P0+vJLE4u1gvPjexLDVPzxdEhicW5WXmpfvll6S2fNly5fzGzauYGBgqihikoFqS8/OK83NS9ZwhNEghAwQwghQWAACwxA+XYgAAAA==[0m[WARNING] The POM for org.apache.httpcomponents:httpcore:jar:4.3.3 is invalid, transitive dependencies (if any) will not be available, enable debug logging for more details
[8mha:////4FgVpCH/S5kjhM4aKaNEG8D32LVTzuWrGPC5JYx/R2KUAAAAYx+LCAAAAAAAAP9b85aBtbiIQSWjNKU4P0+vJLE4u1gvPjexLDVPzxdEhicW5WXmpfvll6S2fNly5fzGzauYGBgqihikoFqS8/OK83NS9ZwhNEghAwQwghQWAACwxA+XYgAAAA==[0m[WARNING] The artifact org.apache.commons:commons-io:jar:1.3.2 has been relocated to commons-io:commons-io:jar:1.3.2
[INFO] 
[8mha:////4FeHgFSRyne1GA3PpjwbR1R8tgg2WwLe4OMTA4Du3+jlAAAAYB+LCAAAAAAAAP9b85aBtbiIQSmjNKU4P0+vJLE4u1gvPjexLDVPzxdEGvvmZ+X75ZekLlOVfvTjc8FPJgaGiiIGKaiG5Py84vycVD1nCA1SyAABjCCFBQCV27OjYAAAAA==[0m[INFO] --- maven-clean-plugin:2.5:clean (default-clean) @ onlineAutomation ---
[INFO] Deleting C:\AutomationFramework\JavaSeleniumFramework\target
[INFO] ------------------------------------------------------------------------
[INFO] BUILD FAILURE
[INFO] ------------------------------------------------------------------------
[INFO] Total time: 7.016 s
[INFO] Finished at: 2018-09-18T11:12:14+01:00
[INFO] Final Memory: 12M/309M
[INFO] ------------------------------------------------------------------------
[8mha:////4LyYvwmMdOC2dmjv/X01kKRPz1Rr3PD0S2ruYzGLiA8FAAAAYB+LCAAAAAAAAP9b85aBtbiIQSmjNKU4P0+vJLE4u1gvPjexLDVPzxdEuhYV5Rf55ZekOlc7RKnPKH7IxMBQUcQgBdWQnJ9XnJ+TqucMoUEKGSCAEaSwAACsNFCqYAAAAA==[0m[ERROR] Failed to execute goal org.apache.maven.plugins:maven-clean-plugin:2.5:clean (default-clean) on project onlineAutomation: Failed to clean project: Failed to delete C:\AutomationFramework\JavaSeleniumFramework\target\classes -> [Help 1]
[8mha:////4LyYvwmMdOC2dmjv/X01kKRPz1Rr3PD0S2ruYzGLiA8FAAAAYB+LCAAAAAAAAP9b85aBtbiIQSmjNKU4P0+vJLE4u1gvPjexLDVPzxdEuhYV5Rf55ZekOlc7RKnPKH7IxMBQUcQgBdWQnJ9XnJ+TqucMoUEKGSCAEaSwAACsNFCqYAAAAA==[0m[ERROR] 
[8mha:////4LyYvwmMdOC2dmjv/X01kKRPz1Rr3PD0S2ruYzGLiA8FAAAAYB+LCAAAAAAAAP9b85aBtbiIQSmjNKU4P0+vJLE4u1gvPjexLDVPzxdEuhYV5Rf55ZekOlc7RKnPKH7IxMBQUcQgBdWQnJ9XnJ+TqucMoUEKGSCAEaSwAACsNFCqYAAAAA==[0m[ERROR] To see the full stack trace of the errors, re-run Maven with the -e switch.
[8mha:////4LyYvwmMdOC2dmjv/X01kKRPz1Rr3PD0S2ruYzGLiA8FAAAAYB+LCAAAAAAAAP9b85aBtbiIQSmjNKU4P0+vJLE4u1gvPjexLDVPzxdEuhYV5Rf55ZekOlc7RKnPKH7IxMBQUcQgBdWQnJ9XnJ+TqucMoUEKGSCAEaSwAACsNFCqYAAAAA==[0m[ERROR] Re-run Maven using the -X switch to enable full debug logging.
[8mha:////4LyYvwmMdOC2dmjv/X01kKRPz1Rr3PD0S2ruYzGLiA8FAAAAYB+LCAAAAAAAAP9b85aBtbiIQSmjNKU4P0+vJLE4u1gvPjexLDVPzxdEuhYV5Rf55ZekOlc7RKnPKH7IxMBQUcQgBdWQnJ9XnJ+TqucMoUEKGSCAEaSwAACsNFCqYAAAAA==[0m[ERROR] 
[8mha:////4LyYvwmMdOC2dmjv/X01kKRPz1Rr3PD0S2ruYzGLiA8FAAAAYB+LCAAAAAAAAP9b85aBtbiIQSmjNKU4P0+vJLE4u1gvPjexLDVPzxdEuhYV5Rf55ZekOlc7RKnPKH7IxMBQUcQgBdWQnJ9XnJ+TqucMoUEKGSCAEaSwAACsNFCqYAAAAA==[0m[ERROR] For more information about the errors and possible solutions, please read the following articles:
[8mha:////4LyYvwmMdOC2dmjv/X01kKRPz1Rr3PD0S2ruYzGLiA8FAAAAYB+LCAAAAAAAAP9b85aBtbiIQSmjNKU4P0+vJLE4u1gvPjexLDVPzxdEuhYV5Rf55ZekOlc7RKnPKH7IxMBQUcQgBdWQnJ9XnJ+TqucMoUEKGSCAEaSwAACsNFCqYAAAAA==[0m[ERROR] [Help 1] http://cwiki.apache.org/confluence/display/MAVEN/MojoExecutionException
Build step 'Invoke top-level Maven targets' marked build as failure
Recording test results
ERROR: Step ‘Publish JUnit test result report’ failed: No test report files were found. Configuration error?
Finished: FAILURE
